<?xml version="1.0" encoding="UTF-8"?>
<coverage generated="1562967585330" clover="3.2.0">
  <project timestamp="1562967585330" name="All files">
    <metrics statements="33" coveredstatements="30" conditionals="2" coveredconditionals="2" methods="13" coveredmethods="12" elements="48" coveredelements="44" complexity="0" loc="33" ncloc="33" packages="3" files="6" classes="6"/>
    <package name="client.components">
      <metrics statements="27" coveredstatements="24" conditionals="2" coveredconditionals="2" methods="11" coveredmethods="10"/>
      <file name="App.js" path="/Users/brianembry/Dropbox/HR/FEC/product-carousel/client/components/App.js">
        <metrics statements="15" coveredstatements="14" conditionals="0" coveredconditionals="0" methods="5" coveredmethods="5"/>
        <line num="8" count="1" type="stmt"/>
        <line num="9" count="1" type="stmt"/>
        <line num="12" count="1" type="stmt"/>
        <line num="16" count="1" type="stmt"/>
        <line num="17" count="3" type="stmt"/>
        <line num="19" count="1" type="stmt"/>
        <line num="20" count="1" type="stmt"/>
        <line num="21" count="1" type="stmt"/>
        <line num="25" count="4" type="stmt"/>
        <line num="26" count="4" type="stmt"/>
        <line num="27" count="4" type="stmt"/>
        <line num="28" count="4" type="stmt"/>
        <line num="29" count="4" type="stmt"/>
        <line num="31" count="0" type="stmt"/>
        <line num="36" count="3" type="stmt"/>
      </file>
      <file name="Arrow.js" path="/Users/brianembry/Dropbox/HR/FEC/product-carousel/client/components/Arrow.js">
        <metrics statements="2" coveredstatements="0" conditionals="0" coveredconditionals="0" methods="1" coveredmethods="0"/>
        <line num="5" count="0" type="stmt"/>
        <line num="6" count="0" type="stmt"/>
      </file>
      <file name="Carousel.js" path="/Users/brianembry/Dropbox/HR/FEC/product-carousel/client/components/Carousel.js">
        <metrics statements="3" coveredstatements="3" conditionals="0" coveredconditionals="0" methods="2" coveredmethods="2"/>
        <line num="7" count="3" type="stmt"/>
        <line num="46" count="3" type="stmt"/>
        <line num="49" count="4" type="stmt"/>
      </file>
      <file name="Item.js" path="/Users/brianembry/Dropbox/HR/FEC/product-carousel/client/components/Item.js">
        <metrics statements="7" coveredstatements="7" conditionals="2" coveredconditionals="2" methods="3" coveredmethods="3"/>
        <line num="5" count="1" type="stmt"/>
        <line num="6" count="5" type="stmt"/>
        <line num="7" count="5" type="stmt"/>
        <line num="8" count="5" type="cond" truecount="2" falsecount="0"/>
        <line num="10" count="5" type="stmt"/>
        <line num="14" count="2" type="stmt"/>
        <line num="46" count="1" type="stmt"/>
      </file>
    </package>
    <package name="client.handlers">
      <metrics statements="6" coveredstatements="6" conditionals="0" coveredconditionals="0" methods="2" coveredmethods="2"/>
      <file name="handle.js" path="/Users/brianembry/Dropbox/HR/FEC/product-carousel/client/handlers/handle.js">
        <metrics statements="6" coveredstatements="6" conditionals="0" coveredconditionals="0" methods="2" coveredmethods="2"/>
        <line num="1" count="1" type="stmt"/>
        <line num="2" count="1" type="stmt"/>
        <line num="3" count="1" type="stmt"/>
        <line num="11" count="1" type="stmt"/>
        <line num="12" count="2" type="stmt"/>
        <line num="13" count="2" type="stmt"/>
      </file>
    </package>
    <package name="test">
      <metrics statements="0" coveredstatements="0" conditionals="0" coveredconditionals="0" methods="0" coveredmethods="0"/>
      <file name="testData.js" path="/Users/brianembry/Dropbox/HR/FEC/product-carousel/test/testData.js">
        <metrics statements="0" coveredstatements="0" conditionals="0" coveredconditionals="0" methods="0" coveredmethods="0"/>
      </file>
    </package>
  </project>
</coverage>
