TN:
SF:/Users/brianembry/Dropbox/HR/FEC/product-carousel/client/components/App.js
FN:7,(anonymous_0)
FN:15,(anonymous_1)
FN:25,(anonymous_2)
FN:36,(anonymous_3)
FN:43,(anonymous_4)
FN:52,(anonymous_5)
FN:64,(anonymous_6)
FNF:7
FNH:7
FNDA:1,(anonymous_0)
FNDA:1,(anonymous_1)
FNDA:3,(anonymous_2)
FNDA:1,(anonymous_3)
FNDA:2,(anonymous_4)
FNDA:4,(anonymous_5)
FNDA:3,(anonymous_6)
DA:8,1
DA:9,1
DA:12,1
DA:16,1
DA:18,1
DA:19,1
DA:22,1
DA:25,1
DA:26,3
DA:29,1
DA:30,1
DA:31,1
DA:32,1
DA:37,1
DA:38,1
DA:39,1
DA:40,1
DA:44,2
DA:45,2
DA:46,2
DA:47,2
DA:48,2
DA:49,2
DA:53,4
DA:54,4
DA:55,4
DA:56,4
DA:57,4
DA:58,4
DA:60,0
DA:65,3
LF:31
LH:30
BRDA:30,0,0,1
BRDA:30,0,1,0
BRF:2
BRH:1
end_of_record
TN:
SF:/Users/brianembry/Dropbox/HR/FEC/product-carousel/client/components/Arrow.js
FN:4,Arrow
FNF:1
FNH:0
FNDA:0,Arrow
DA:5,0
DA:6,0
LF:2
LH:0
BRF:0
BRH:0
end_of_record
TN:
SF:/Users/brianembry/Dropbox/HR/FEC/product-carousel/client/components/Carousel.js
FN:6,Carousel
FN:48,(anonymous_1)
FNF:2
FNH:2
FNDA:3,Carousel
FNDA:4,(anonymous_1)
DA:7,3
DA:46,3
DA:49,4
LF:3
LH:3
BRF:0
BRH:0
end_of_record
TN:
SF:/Users/brianembry/Dropbox/HR/FEC/product-carousel/client/components/Item.js
FN:5,(anonymous_0)
FN:13,(anonymous_1)
FN:46,(anonymous_2)
FNF:3
FNH:3
FNDA:5,(anonymous_0)
FNDA:2,(anonymous_1)
FNDA:1,(anonymous_2)
DA:5,1
DA:6,5
DA:7,5
DA:8,5
DA:10,5
DA:14,2
DA:46,1
LF:7
LH:7
BRDA:8,0,0,5
BRDA:8,0,1,1
BRF:2
BRH:2
end_of_record
TN:
SF:/Users/brianembry/Dropbox/HR/FEC/product-carousel/client/handlers/handle.js
FN:1,(anonymous_0)
FN:12,(anonymous_1)
FNF:2
FNH:2
FNDA:1,(anonymous_0)
FNDA:2,(anonymous_1)
DA:1,1
DA:2,1
DA:3,1
DA:4,1
DA:12,1
DA:13,2
DA:14,2
LF:7
LH:7
BRF:0
BRH:0
end_of_record
TN:
SF:/Users/brianembry/Dropbox/HR/FEC/product-carousel/test/testData.js
FNF:0
FNH:0
LF:0
LH:0
BRF:0
BRH:0
end_of_record
