TN:
SF:/Users/brianembry/Dropbox/HR/FEC/product-carousel/db/hostedDb.js
FN:11,(anonymous_0)
FN:17,(anonymous_1)
FN:21,(anonymous_2)
FNF:3
FNH:1
FNDA:0,(anonymous_0)
FNDA:0,(anonymous_1)
FNDA:1,(anonymous_2)
DA:1,1
DA:2,1
DA:4,1
DA:11,0
DA:14,1
DA:16,1
DA:18,0
DA:19,0
DA:22,1
DA:23,1
DA:26,1
LF:11
LH:8
BRF:0
BRH:0
end_of_record
TN:
SF:/Users/brianembry/Dropbox/HR/FEC/product-carousel/model/products.js
FN:4,(anonymous_0)
FN:12,(anonymous_1)
FNF:2
FNH:2
FNDA:1,(anonymous_0)
FNDA:1,(anonymous_1)
DA:1,1
DA:3,1
DA:5,1
DA:10,0
DA:13,1
DA:14,0
LF:6
LH:4
BRF:0
BRH:0
end_of_record
TN:
SF:/Users/brianembry/Dropbox/HR/FEC/product-carousel/server/server.js
FN:22,(anonymous_0)
FN:33,(anonymous_1)
FN:45,(anonymous_2)
FNF:3
FNH:3
FNDA:1,(anonymous_0)
FNDA:1,(anonymous_1)
FNDA:1,(anonymous_2)
DA:1,1
DA:2,1
DA:4,1
DA:6,1
DA:8,1
DA:10,1
DA:12,1
DA:15,1
DA:16,1
DA:18,1
DA:20,1
DA:22,1
DA:23,1
DA:25,1
DA:26,0
DA:28,1
DA:29,1
DA:33,1
DA:34,1
DA:35,1
DA:37,1
DA:38,0
DA:40,1
DA:41,1
DA:45,1
DA:47,1
LF:26
LH:24
BRDA:12,0,0,1
BRDA:12,0,1,1
BRF:2
BRH:2
end_of_record
